<?xml version="1.0" encoding="UTF-8"?>
<!-- Generated by org.testng.reporters.JUnitXMLReporter -->
<testsuite hostname="malki-ThinkPad-T530" name="Siddhi-store-influxdb-tests" tests="32" failures="1" timestamp="28 Feb 2019 04:48:07 GMT" time="155.394" errors="0">
  <testcase name="deleteFromITableWithTwoConditionsTest" time="2.339" classname="org.wso2.extension.siddhi.store.influxdb.DeleteFromInfluxDBTestCase"/>
  <testcase name="deleteFromInfluxDBTableTest" time="1.434" classname="org.wso2.extension.siddhi.store.influxdb.DeleteFromInfluxDBTestCase"/>
  <testcase name="deleteFromInfluxDBTableTestWithSingleCondition" time="1.583" classname="org.wso2.extension.siddhi.store.influxdb.DeleteFromInfluxDBTestCase"/>
  <testcase name="deleteFromTableTestWithSingleCondition" time="1.43" classname="org.wso2.extension.siddhi.store.influxdb.DeleteFromInfluxDBTestCase"/>
  <testcase name="readEventInfluxTableTest" time="0.847" classname="org.wso2.extension.siddhi.store.influxdb.ReadEventInfluxDBTestCase"/>
  <testcase name="readEventInfluxTableTestCase" time="1.329" classname="org.wso2.extension.siddhi.store.influxdb.ReadEventInfluxDBTestCase"/>
  <testcase name="readEventInfluxTableTestCase6" time="0.876" classname="org.wso2.extension.siddhi.store.influxdb.ReadEventInfluxDBTestCase"/>
  <testcase name="readEventWithoutDefineStreamTest" time="0.019" classname="org.wso2.extension.siddhi.store.influxdb.ReadEventInfluxDBTestCase"/>
  <testcase name="readEventsInfluxTableTest" time="1.349" classname="org.wso2.extension.siddhi.store.influxdb.ReadEventInfluxDBTestCase"/>
  <testcase name="readEventsInfluxTableTestCase" time="2.299" classname="org.wso2.extension.siddhi.store.influxdb.ReadEventInfluxDBTestCase"/>
  <testcase name="readEventsWithoutConditionTest" time="0.765" classname="org.wso2.extension.siddhi.store.influxdb.ReadEventInfluxDBTestCase"/>
  <testcase name="readFromNonExistingTableTest" time="0.003" classname="org.wso2.extension.siddhi.store.influxdb.ReadEventInfluxDBTestCase"/>
  <testcase name="insertIntoTableTest" time="0.347" classname="org.wso2.extension.siddhi.store.influxdb.InsertIntoInfluxDBTestCase"/>
  <testcase name="insertIntoTableWithIncorretTimeFormatTest" time="0.023" classname="org.wso2.extension.siddhi.store.influxdb.InsertIntoInfluxDBTestCase"/>
  <testcase name="insertIntoTableWithSingleTagKeyTest" time="0.727" classname="org.wso2.extension.siddhi.store.influxdb.InsertIntoInfluxDBTestCase"/>
  <testcase name="insertIntoTableWithTwoTagKeysTest" time="0.181" classname="org.wso2.extension.siddhi.store.influxdb.InsertIntoInfluxDBTestCase"/>
  <testcase name="insertIntoTableWithoutTagKeysTest" time="0.235" classname="org.wso2.extension.siddhi.store.influxdb.InsertIntoInfluxDBTestCase"/>
  <testcase name="containsCheckTestWithDefinedStream" time="30.86" classname="org.wso2.extension.siddhi.store.influxdb.ContainsInInfluxDBTestCase"/>
  <testcase name="containsCheckTestWithSingleCondition" time="31.283" classname="org.wso2.extension.siddhi.store.influxdb.ContainsInInfluxDBTestCase"/>
  <testcase name="containsCheckTestWithTwoConditions" time="30.832" classname="org.wso2.extension.siddhi.store.influxdb.ContainsInInfluxDBTestCase"/>
  <testcase name="updateOrInsertWithSingleConditionTest" time="3.282" classname="org.wso2.extension.siddhi.store.influxdb.UpdateOrInsertIntoInfluxDBTestCase"/>
  <testcase name="updateOrInsertWithSingleConditionTest2" time="1.3" classname="org.wso2.extension.siddhi.store.influxdb.UpdateOrInsertIntoInfluxDBTestCase"/>
  <testcase name="updateOrInsertWithTwoConditionsTest" time="3.12" classname="org.wso2.extension.siddhi.store.influxdb.UpdateOrInsertIntoInfluxDBTestCase">
    <failure type="java.lang.AssertionError" message="updating failed expected [3] but found [1]">
      <![CDATA[java.lang.AssertionError: updating failed expected [3] but found [1]
	at org.wso2.extension.siddhi.store.influxdb.UpdateOrInsertIntoInfluxDBTestCase.updateOrInsertWithTwoConditionsTest(UpdateOrInsertIntoInfluxDBTestCase.java:173)
... Removed 32 stack frames]]>
    </failure>
  </testcase> <!-- updateOrInsertWithTwoConditionsTest -->
  <testcase name="influxDBTablWithIncorrectUrlTest" time="0.023" classname="org.wso2.extension.siddhi.store.influxdb.DefineInfluxDBTableTestCase"/>
  <testcase name="influxDBTableCreationTest" time="0.397" classname="org.wso2.extension.siddhi.store.influxdb.DefineInfluxDBTableTestCase"/>
  <testcase name="influxDBTableCreationWithoutDatabaseTest" time="0.008" classname="org.wso2.extension.siddhi.store.influxdb.DefineInfluxDBTableTestCase"/>
  <testcase name="influxDBTableCreationWithoutPasswordTest" time="0.005" classname="org.wso2.extension.siddhi.store.influxdb.DefineInfluxDBTableTestCase"/>
  <testcase name="influxDBTableDefinitionWithIncorrectPasswordTest" time="0.087" classname="org.wso2.extension.siddhi.store.influxdb.DefineInfluxDBTableTestCase"/>
  <testcase name="influxDBTableDefinitionWithoutUrlTest" time="0.008" classname="org.wso2.extension.siddhi.store.influxdb.DefineInfluxDBTableTestCase"/>
  <testcase name="influxDBTableWithIncorrectUsernameTest" time="0.509" classname="org.wso2.extension.siddhi.store.influxdb.DefineInfluxDBTableTestCase"/>
  <testcase name="influxDBTableWithoutUsernameTest" time="0.006" classname="org.wso2.extension.siddhi.store.influxdb.DefineInfluxDBTableTestCase"/>
  <testcase name="tableDefinitionWithNonExistingDatabaseTest" time="0.012" classname="org.wso2.extension.siddhi.store.influxdb.DefineInfluxDBTableTestCase"/>
</testsuite> <!-- Siddhi-store-influxdb-tests -->
