<?xml version="1.0" encoding="UTF-8"?>
<testsuite xmlns:xsi="http://www.w3.org/2001/XMLSchema-instance" xsi:schemaLocation="https://maven.apache.org/surefire/maven-surefire-plugin/xsd/surefire-test-report.xsd" name="TestSuite" time="156.356" tests="32" errors="0" skipped="0" failures="1">
  <properties>
    <property name="java.runtime.name" value="Java(TM) SE Runtime Environment"/>
    <property name="sun.boot.library.path" value="/opt/jdk1.8.0_191/jre/lib/amd64"/>
    <property name="java.vm.version" value="25.191-b12"/>
    <property name="java.vm.vendor" value="Oracle Corporation"/>
    <property name="maven.multiModuleProjectDirectory" value="/home/malki/Desktop/Influx/siddhi-store-influxdb"/>
    <property name="java.vendor.url" value="http://java.oracle.com/"/>
    <property name="path.separator" value=":"/>
    <property name="guice.disable.misplaced.annotation.check" value="true"/>
    <property name="java.vm.name" value="Java HotSpot(TM) 64-Bit Server VM"/>
    <property name="file.encoding.pkg" value="sun.io"/>
    <property name="user.country" value="US"/>
    <property name="sun.java.launcher" value="SUN_STANDARD"/>
    <property name="sun.os.patch.level" value="unknown"/>
    <property name="java.vm.specification.name" value="Java Virtual Machine Specification"/>
    <property name="user.dir" value="/home/malki/Desktop/Influx/siddhi-store-influxdb"/>
    <property name="java.runtime.version" value="1.8.0_191-b12"/>
    <property name="java.awt.graphicsenv" value="sun.awt.X11GraphicsEnvironment"/>
    <property name="java.endorsed.dirs" value="/opt/jdk1.8.0_191/jre/lib/endorsed"/>
    <property name="os.arch" value="amd64"/>
    <property name="java.io.tmpdir" value="/tmp"/>
    <property name="line.separator" value="&#10;"/>
    <property name="java.vm.specification.vendor" value="Oracle Corporation"/>
    <property name="os.name" value="Linux"/>
    <property name="classworlds.conf" value="/usr/share/maven/bin/m2.conf"/>
    <property name="sun.jnu.encoding" value="UTF-8"/>
    <property name="java.library.path" value="/usr/java/packages/lib/amd64:/usr/lib64:/lib64:/lib:/usr/lib"/>
    <property name="java.specification.name" value="Java Platform API Specification"/>
    <property name="java.class.version" value="52.0"/>
    <property name="sun.management.compiler" value="HotSpot 64-Bit Tiered Compilers"/>
    <property name="os.version" value="4.10.0-28-generic"/>
    <property name="user.home" value="/home/malki"/>
    <property name="user.timezone" value="Asia/Colombo"/>
    <property name="java.awt.printerjob" value="sun.print.PSPrinterJob"/>
    <property name="file.encoding" value="UTF-8"/>
    <property name="java.specification.version" value="1.8"/>
    <property name="user.name" value="malki"/>
    <property name="java.class.path" value="/usr/share/maven/boot/plexus-classworlds-2.x.jar"/>
    <property name="java.vm.specification.version" value="1.8"/>
    <property name="sun.arch.data.model" value="64"/>
    <property name="java.home" value="/opt/jdk1.8.0_191/jre"/>
    <property name="sun.java.command" value="org.codehaus.plexus.classworlds.launcher.Launcher clean install"/>
    <property name="java.specification.vendor" value="Oracle Corporation"/>
    <property name="user.language" value="en"/>
    <property name="awt.toolkit" value="sun.awt.X11.XToolkit"/>
    <property name="java.vm.info" value="mixed mode"/>
    <property name="java.version" value="1.8.0_191"/>
    <property name="java.ext.dirs" value="/opt/jdk1.8.0_191/jre/lib/ext:/usr/java/packages/lib/ext"/>
    <property name="securerandom.source" value="file:/dev/./urandom"/>
    <property name="sun.boot.class.path" value="/opt/jdk1.8.0_191/jre/lib/resources.jar:/opt/jdk1.8.0_191/jre/lib/rt.jar:/opt/jdk1.8.0_191/jre/lib/sunrsasign.jar:/opt/jdk1.8.0_191/jre/lib/jsse.jar:/opt/jdk1.8.0_191/jre/lib/jce.jar:/opt/jdk1.8.0_191/jre/lib/charsets.jar:/opt/jdk1.8.0_191/jre/lib/jfr.jar:/opt/jdk1.8.0_191/jre/classes"/>
    <property name="java.vendor" value="Oracle Corporation"/>
    <property name="maven.home" value="/usr/share/maven"/>
    <property name="file.separator" value="/"/>
    <property name="java.vendor.url.bug" value="http://bugreport.sun.com/bugreport/"/>
    <property name="sun.cpu.endian" value="little"/>
    <property name="sun.io.unicode.encoding" value="UnicodeLittle"/>
    <property name="sun.desktop" value="gnome"/>
    <property name="sun.cpu.isalist" value=""/>
  </properties>
  <testcase name="deleteFromITableWithTwoConditionsTest" classname="org.wso2.extension.siddhi.store.influxdb.DeleteFromInfluxDBTestCase" time="2.338"/>
  <testcase name="deleteFromInfluxDBTableTest" classname="org.wso2.extension.siddhi.store.influxdb.DeleteFromInfluxDBTestCase" time="1.434"/>
  <testcase name="deleteFromInfluxDBTableTestWithSingleCondition" classname="org.wso2.extension.siddhi.store.influxdb.DeleteFromInfluxDBTestCase" time="1.582"/>
  <testcase name="deleteFromTableTestWithSingleCondition" classname="org.wso2.extension.siddhi.store.influxdb.DeleteFromInfluxDBTestCase" time="1.431"/>
  <testcase name="readEventInfluxTableTest" classname="org.wso2.extension.siddhi.store.influxdb.ReadEventInfluxDBTestCase" time="0.847"/>
  <testcase name="readEventInfluxTableTestCase" classname="org.wso2.extension.siddhi.store.influxdb.ReadEventInfluxDBTestCase" time="1.33"/>
  <testcase name="readEventInfluxTableTestCase6" classname="org.wso2.extension.siddhi.store.influxdb.ReadEventInfluxDBTestCase" time="0.877"/>
  <testcase name="readEventWithoutDefineStreamTest" classname="org.wso2.extension.siddhi.store.influxdb.ReadEventInfluxDBTestCase" time="0.018"/>
  <testcase name="readEventsInfluxTableTest" classname="org.wso2.extension.siddhi.store.influxdb.ReadEventInfluxDBTestCase" time="1.349"/>
  <testcase name="readEventsInfluxTableTestCase" classname="org.wso2.extension.siddhi.store.influxdb.ReadEventInfluxDBTestCase" time="2.299"/>
  <testcase name="readEventsWithoutConditionTest" classname="org.wso2.extension.siddhi.store.influxdb.ReadEventInfluxDBTestCase" time="0.766"/>
  <testcase name="readFromNonExistingTableTest" classname="org.wso2.extension.siddhi.store.influxdb.ReadEventInfluxDBTestCase" time="0.004"/>
  <testcase name="insertIntoTableTest" classname="org.wso2.extension.siddhi.store.influxdb.InsertIntoInfluxDBTestCase" time="0.346"/>
  <testcase name="insertIntoTableWithIncorretTimeFormatTest" classname="org.wso2.extension.siddhi.store.influxdb.InsertIntoInfluxDBTestCase" time="0.033"/>
  <testcase name="insertIntoTableWithSingleTagKeyTest" classname="org.wso2.extension.siddhi.store.influxdb.InsertIntoInfluxDBTestCase" time="0.728"/>
  <testcase name="insertIntoTableWithTwoTagKeysTest" classname="org.wso2.extension.siddhi.store.influxdb.InsertIntoInfluxDBTestCase" time="0.178"/>
  <testcase name="insertIntoTableWithoutTagKeysTest" classname="org.wso2.extension.siddhi.store.influxdb.InsertIntoInfluxDBTestCase" time="0.236"/>
  <testcase name="containsCheckTestWithDefinedStream" classname="org.wso2.extension.siddhi.store.influxdb.ContainsInInfluxDBTestCase" time="30.86"/>
  <testcase name="containsCheckTestWithSingleCondition" classname="org.wso2.extension.siddhi.store.influxdb.ContainsInInfluxDBTestCase" time="31.282"/>
  <testcase name="containsCheckTestWithTwoConditions" classname="org.wso2.extension.siddhi.store.influxdb.ContainsInInfluxDBTestCase" time="30.832"/>
  <testcase name="updateOrInsertWithSingleConditionTest" classname="org.wso2.extension.siddhi.store.influxdb.UpdateOrInsertIntoInfluxDBTestCase" time="3.286"/>
  <testcase name="updateOrInsertWithSingleConditionTest2" classname="org.wso2.extension.siddhi.store.influxdb.UpdateOrInsertIntoInfluxDBTestCase" time="1.306"/>
  <testcase name="updateOrInsertWithTwoConditionsTest" classname="org.wso2.extension.siddhi.store.influxdb.UpdateOrInsertIntoInfluxDBTestCase" time="3.129">
    <failure message="updating failed expected [3] but found [1]" type="java.lang.AssertionError">java.lang.AssertionError: updating failed expected [3] but found [1]
	at org.wso2.extension.siddhi.store.influxdb.UpdateOrInsertIntoInfluxDBTestCase.updateOrInsertWithTwoConditionsTest(UpdateOrInsertIntoInfluxDBTestCase.java:173)
</failure>
    <system-out><![CDATA[updateOrInsertWithTwoConditionsTest
]]></system-out>
  </testcase>
  <testcase name="influxDBTablWithIncorrectUrlTest" classname="org.wso2.extension.siddhi.store.influxdb.DefineInfluxDBTableTestCase" time="0.037"/>
  <testcase name="influxDBTableCreationTest" classname="org.wso2.extension.siddhi.store.influxdb.DefineInfluxDBTableTestCase" time="0.403"/>
  <testcase name="influxDBTableCreationWithoutDatabaseTest" classname="org.wso2.extension.siddhi.store.influxdb.DefineInfluxDBTableTestCase" time="0.008"/>
  <testcase name="influxDBTableCreationWithoutPasswordTest" classname="org.wso2.extension.siddhi.store.influxdb.DefineInfluxDBTableTestCase" time="0.005"/>
  <testcase name="influxDBTableDefinitionWithIncorrectPasswordTest" classname="org.wso2.extension.siddhi.store.influxdb.DefineInfluxDBTableTestCase" time="0.087"/>
  <testcase name="influxDBTableDefinitionWithoutUrlTest" classname="org.wso2.extension.siddhi.store.influxdb.DefineInfluxDBTableTestCase" time="0.008"/>
  <testcase name="influxDBTableWithIncorrectUsernameTest" classname="org.wso2.extension.siddhi.store.influxdb.DefineInfluxDBTableTestCase" time="0.509"/>
  <testcase name="influxDBTableWithoutUsernameTest" classname="org.wso2.extension.siddhi.store.influxdb.DefineInfluxDBTableTestCase" time="0.005"/>
  <testcase name="tableDefinitionWithNonExistingDatabaseTest" classname="org.wso2.extension.siddhi.store.influxdb.DefineInfluxDBTableTestCase" time="0.019"/>
</testsuite>