<?xml version="1.0" encoding="UTF-8"?>
<testsuite xmlns:xsi="http://www.w3.org/2001/XMLSchema-instance" xsi:schemaLocation="https://maven.apache.org/surefire/maven-surefire-plugin/xsd/surefire-test-report.xsd" name="TestSuite" time="156.356" tests="32" errors="0" skipped="0" failures="1">
  <properties>
[...]
</properties>
  <testcase name="deleteFromITableWithTwoConditionsTest" classname="org.wso2.extension.siddhi.store.influxdb.DeleteFromInfluxDBTestCase" time="2.338"/>
  <testcase name="deleteFromInfluxDBTableTest" classname="org.wso2.extension.siddhi.store.influxdb.DeleteFromInfluxDBTestCase" time="1.434"/>
  <testcase name="deleteFromInfluxDBTableTestWithSingleCondition" classname="org.wso2.extension.siddhi.store.influxdb.DeleteFromInfluxDBTestCase" time="1.582"/>
  <testcase name="deleteFromTableTestWithSingleCondition" classname="org.wso2.extension.siddhi.store.influxdb.DeleteFromInfluxDBTestCase" time="1.431"/>
  <testcase name="readEventInfluxTableTest" classname="org.wso2.extension.siddhi.store.influxdb.ReadEventInfluxDBTestCase" time="0.847"/>
  <testcase name="readEventInfluxTableTestCase" classname="org.wso2.extension.siddhi.store.influxdb.ReadEventInfluxDBTestCase" time="1.33"/>
  <testcase name="readEventInfluxTableTestCase6" classname="org.wso2.extension.siddhi.store.influxdb.ReadEventInfluxDBTestCase" time="0.877"/>
  <testcase name="readEventWithoutDefineStreamTest" classname="org.wso2.extension.siddhi.store.influxdb.ReadEventInfluxDBTestCase" time="0.018"/>
  <testcase name="readEventsInfluxTableTest" classname="org.wso2.extension.siddhi.store.influxdb.ReadEventInfluxDBTestCase" time="1.349"/>
  <testcase name="readEventsInfluxTableTestCase" classname="org.wso2.extension.siddhi.store.influxdb.ReadEventInfluxDBTestCase" time="2.299"/>
  <testcase name="readEventsWithoutConditionTest" classname="org.wso2.extension.siddhi.store.influxdb.ReadEventInfluxDBTestCase" time="0.766"/>
  <testcase name="readFromNonExistingTableTest" classname="org.wso2.extension.siddhi.store.influxdb.ReadEventInfluxDBTestCase" time="0.004"/>
  <testcase name="insertIntoTableTest" classname="org.wso2.extension.siddhi.store.influxdb.InsertIntoInfluxDBTestCase" time="0.346"/>
  <testcase name="insertIntoTableWithIncorretTimeFormatTest" classname="org.wso2.extension.siddhi.store.influxdb.InsertIntoInfluxDBTestCase" time="0.033"/>
  <testcase name="insertIntoTableWithSingleTagKeyTest" classname="org.wso2.extension.siddhi.store.influxdb.InsertIntoInfluxDBTestCase" time="0.728"/>
  <testcase name="insertIntoTableWithTwoTagKeysTest" classname="org.wso2.extension.siddhi.store.influxdb.InsertIntoInfluxDBTestCase" time="0.178"/>
  <testcase name="insertIntoTableWithoutTagKeysTest" classname="org.wso2.extension.siddhi.store.influxdb.InsertIntoInfluxDBTestCase" time="0.236"/>
  <testcase name="containsCheckTestWithDefinedStream" classname="org.wso2.extension.siddhi.store.influxdb.ContainsInInfluxDBTestCase" time="30.86"/>
  <testcase name="containsCheckTestWithSingleCondition" classname="org.wso2.extension.siddhi.store.influxdb.ContainsInInfluxDBTestCase" time="31.282"/>
  <testcase name="containsCheckTestWithTwoConditions" classname="org.wso2.extension.siddhi.store.influxdb.ContainsInInfluxDBTestCase" time="30.832"/>
  <testcase name="updateOrInsertWithSingleConditionTest" classname="org.wso2.extension.siddhi.store.influxdb.UpdateOrInsertIntoInfluxDBTestCase" time="3.286"/>
  <testcase name="updateOrInsertWithSingleConditionTest2" classname="org.wso2.extension.siddhi.store.influxdb.UpdateOrInsertIntoInfluxDBTestCase" time="1.306"/>
  <testcase name="updateOrInsertWithTwoConditionsTest" classname="org.wso2.extension.siddhi.store.influxdb.UpdateOrInsertIntoInfluxDBTestCase" time="3.129">
    <failure message="updating failed expected [3] but found [1]" type="java.lang.AssertionError">java.lang.AssertionError: updating failed expected [3] but found [1]
	at org.wso2.extension.siddhi.store.influxdb.UpdateOrInsertIntoInfluxDBTestCase.updateOrInsertWithTwoConditionsTest(UpdateOrInsertIntoInfluxDBTestCase.java:173)
</failure>
    <system-out><![CDATA[updateOrInsertWithTwoConditionsTest
]]></system-out>
  </testcase>
  <testcase name="influxDBTablWithIncorrectUrlTest" classname="org.wso2.extension.siddhi.store.influxdb.DefineInfluxDBTableTestCase" time="0.037"/>
  <testcase name="influxDBTableCreationTest" classname="org.wso2.extension.siddhi.store.influxdb.DefineInfluxDBTableTestCase" time="0.403"/>
  <testcase name="influxDBTableCreationWithoutDatabaseTest" classname="org.wso2.extension.siddhi.store.influxdb.DefineInfluxDBTableTestCase" time="0.008"/>
  <testcase name="influxDBTableCreationWithoutPasswordTest" classname="org.wso2.extension.siddhi.store.influxdb.DefineInfluxDBTableTestCase" time="0.005"/>
  <testcase name="influxDBTableDefinitionWithIncorrectPasswordTest" classname="org.wso2.extension.siddhi.store.influxdb.DefineInfluxDBTableTestCase" time="0.087"/>
  <testcase name="influxDBTableDefinitionWithoutUrlTest" classname="org.wso2.extension.siddhi.store.influxdb.DefineInfluxDBTableTestCase" time="0.008"/>
  <testcase name="influxDBTableWithIncorrectUsernameTest" classname="org.wso2.extension.siddhi.store.influxdb.DefineInfluxDBTableTestCase" time="0.509"/>
  <testcase name="influxDBTableWithoutUsernameTest" classname="org.wso2.extension.siddhi.store.influxdb.DefineInfluxDBTableTestCase" time="0.005"/>
  <testcase name="tableDefinitionWithNonExistingDatabaseTest" classname="org.wso2.extension.siddhi.store.influxdb.DefineInfluxDBTableTestCase" time="0.019"/>
</testsuite>